{
  "numFailedTestSuites": 0,
  "numFailedTests": 0,
  "numPassedTestSuites": 1,
  "numPassedTests": 1,
  "numPendingTestSuites": 0,
  "numPendingTests": 0,
  "numRuntimeErrorTestSuites": 0,
  "numTodoTests": 0,
  "numTotalTestSuites": 1,
  "numTotalTests": 1,
  "openHandles": [],
  "snapshot": {
    "added": 0,
    "didUpdate": false,
    "failure": false,
    "filesAdded": 0,
    "filesRemoved": 0,
    "filesRemovedList": [],
    "filesUnmatched": 0,
    "filesUpdated": 0,
    "matched": 0,
    "total": 0,
    "unchecked": 0,
    "uncheckedKeysByFile": [],
    "unmatched": 0,
    "updated": 0
  },
  "startTime": 1601891970691,
  "success": false,
  "testResults": [
    {
      "leaks": false,
      "numFailingTests": 0,
      "numPassingTests": 1,
      "numPendingTests": 0,
      "numTodoTests": 0,
      "openHandles": [],
      "perfStats": {
        "end": 1601891977581,
        "runtime": 2667,
        "slow": false,
        "start": 1601891974914
      },
      "skipped": false,
      "snapshot": {
        "added": 0,
        "fileDeleted": false,
        "matched": 0,
        "unchecked": 0,
        "unmatched": 0,
        "updated": 0,
        "uncheckedKeys": []
      },
      "testFilePath": "C:\\Users\\veena\\Desktop\\test1\\__test__\\test.js",
      "testResults": [
        {
          "ancestorTitles": [
            "sum"
          ],
          "duration": 15,
          "failureDetails": [],
          "failureMessages": [],
          "fullName": "sum adds 1 + 2 to equal 3",
          "location": null,
          "numPassingAsserts": 0,
          "status": "passed",
          "title": "adds 1 + 2 to equal 3"
        }
      ],
      "failureMessage": null
    }
  ],
  "wasInterrupted": false,
  "coverageMap": {
    "C:\\Users\\veena\\Desktop\\test1\\sum.js": {
      "path": "C:\\Users\\veena\\Desktop\\test1\\sum.js",
      "statementMap": {
        "0": {
          "start": {
            "line": 3,
            "column": 4
          },
          "end": {
            "line": 3,
            "column": 17
          }
        },
        "1": {
          "start": {
            "line": 5,
            "column": 0
          },
          "end": {
            "line": 5,
            "column": 21
          }
        }
      },
      "fnMap": {
        "0": {
          "name": "sum",
          "decl": {
            "start": {
              "line": 2,
              "column": 9
            },
            "end": {
              "line": 2,
              "column": 12
            }
          },
          "loc": {
            "start": {
              "line": 2,
              "column": 19
            },
            "end": {
              "line": 4,
              "column": 1
            }
          },
          "line": 2
        }
      },
      "branchMap": {},
      "s": {
        "0": 1,
        "1": 1
      },
      "f": {
        "0": 1
      },
      "b": {},
      "_coverageSchema": "1a1c01bbd47fc00a2c39e90264f33305004495a9",
      "hash": "e8f1e419e1f24e4332e4f01939b159bb0a14f7f9"
    }
  }
}