{
  "stats": {
    "suites": 3,
    "tests": 2,
    "passes": 2,
    "pending": 0,
    "failures": 0,
    "start": "2020-10-05T09:01:49.449Z",
    "end": "2020-10-05T09:01:49.494Z",
    "duration": 45,
    "testsRegistered": 2,
    "passPercent": 100,
    "pendingPercent": 0,
    "other": 0,
    "hasOther": false,
    "skipped": 0,
    "hasSkipped": false
  },
  "results": [
    {
      "uuid": "532c4a2f-693a-4c29-b3b1-566f81ddc2a5",
      "title": "",
      "fullFile": "",
      "file": "",
      "beforeHooks": [],
      "afterHooks": [],
      "tests": [],
      "suites": [
        {
          "uuid": "ea8d7538-062b-49e3-8c72-3b555e34c320",
          "title": "Cash Register",
          "fullFile": "C:\\Users\\veena\\Desktop\\test1\\test\\expect.js",
          "file": "\\test\\expect.js",
          "beforeHooks": [],
          "afterHooks": [],
          "tests": [],
          "suites": [
            {
              "uuid": "0e8afae8-d584-4c1d-98c6-23b800840a72",
              "title": "Module C",
              "fullFile": "C:\\Users\\veena\\Desktop\\test1\\test\\expect.js",
              "file": "\\test\\expect.js",
              "beforeHooks": [],
              "afterHooks": [],
              "tests": [
                {
                  "title": "should have a getChange Method",
                  "fullTitle": "Cash Register Module C should have a getChange Method",
                  "timedOut": false,
                  "duration": 0,
                  "state": "passed",
                  "speed": "fast",
                  "pass": true,
                  "fail": false,
                  "pending": false,
                  "context": null,
                  "code": "assert.equal(typeof C, 'object');\nassert.equal(typeof C.getChange, 'function');",
                  "err": {},
                  "uuid": "0388b263-e176-417b-bc67-78b479d98506",
                  "parentUUID": "0e8afae8-d584-4c1d-98c6-23b800840a72",
                  "isHook": false,
                  "skipped": false
                }
              ],
              "suites": [],
              "passes": [
                "0388b263-e176-417b-bc67-78b479d98506"
              ],
              "failures": [],
              "pending": [],
              "skipped": [],
              "duration": 0,
              "root": false,
              "rootEmpty": false,
              "_timeout": 2000
            }
          ],
          "passes": [],
          "failures": [],
          "pending": [],
          "skipped": [],
          "duration": 0,
          "root": false,
          "rootEmpty": false,
          "_timeout": 2000
        },
        {
          "uuid": "fa189cbf-72a4-4721-86c5-46ea3776179c",
          "title": "Equality check",
          "fullFile": "C:\\Users\\veena\\Desktop\\test1\\test\\test-app.js",
          "file": "\\test\\test-app.js",
          "beforeHooks": [],
          "afterHooks": [],
          "tests": [
            {
              "title": "Equals to ",
              "fullTitle": "Equality check Equals to ",
              "timedOut": false,
              "duration": 0,
              "state": "passed",
              "speed": "fast",
              "pass": true,
              "fail": false,
              "pending": false,
              "context": null,
              "code": "foo.should.be.a('string')",
              "err": {},
              "uuid": "35a2b61f-bd07-4bb2-9126-3b4350013959",
              "parentUUID": "fa189cbf-72a4-4721-86c5-46ea3776179c",
              "isHook": false,
              "skipped": false
            }
          ],
          "suites": [],
          "passes": [
            "35a2b61f-bd07-4bb2-9126-3b4350013959"
          ],
          "failures": [],
          "pending": [],
          "skipped": [],
          "duration": 0,
          "root": false,
          "rootEmpty": false,
          "_timeout": 2000
        }
      ],
      "passes": [],
      "failures": [],
      "pending": [],
      "skipped": [],
      "duration": 0,
      "root": true,
      "rootEmpty": true,
      "_timeout": 2000
    }
  ],
  "meta": {
    "mocha": {
      "version": "8.1.3"
    },
    "mochawesome": {
      "options": {
        "quiet": false,
        "reportFilename": "mochawesome",
        "saveHtml": true,
        "saveJson": true,
        "consoleReporter": "spec",
        "useInlineDiffs": false,
        "code": true
      },
      "version": "6.1.1"
    },
    "marge": {
      "options": null,
      "version": "5.1.0"
    }
  }
}